Using pre-set license
Built from '2020.2/release' branch; Version is '2020.2.2f1 (068178b99f32) revision 426360'; Using compiler version '192528614'; Build Type 'Release'
OS: 'Windows 10 Home; OS build 19042.985; Version 2009; 64bit' Language: 'en' Physical Memory: 32173 MB
BatchMode: 1, IsHumanControllingUs: 0, StartBugReporterOnCrash: 0, Is64bit: 1, IsPro: 0

 COMMAND LINE ARGUMENTS:
C:\Program Files\Unity\Hub\Editor\2020.2.2f1\Editor\Unity.exe
-adb2
-batchMode
-noUpm
-name
AssetImportWorker0
-projectPath
C:/Users/joshm/Documents/GitHub/VR
-logFile
Logs/AssetImportWorker0.log
-srvPort
53142
Successfully changed project path to: C:/Users/joshm/Documents/GitHub/VR
C:/Users/joshm/Documents/GitHub/VR
Using Asset Import Pipeline V2.
Refreshing native plugins compatible for Editor in 80.97 ms, found 3 plugins.
Preloading 0 native plugins for Editor in 0.00 ms.
Initialize engine version: 2020.2.2f1 (068178b99f32)
[Subsystems] Discovering subsystems at path C:/Program Files/Unity/Hub/Editor/2020.2.2f1/Editor/Data/Resources/UnitySubsystems
[Subsystems] Discovering subsystems at path C:/Users/joshm/Documents/GitHub/VR/Assets
GfxDevice: creating device client; threaded=0
Direct3D:
    Version:  Direct3D 11.0 [level 11.1]
    Renderer: NVIDIA GeForce GTX 1660 Ti (ID=0x2191)
    Vendor:   
    VRAM:     5991 MB
    Driver:   27.21.14.5763
Initialize mono
Mono path[0] = 'C:/Program Files/Unity/Hub/Editor/2020.2.2f1/Editor/Data/Managed'
Mono path[1] = 'C:/Program Files/Unity/Hub/Editor/2020.2.2f1/Editor/Data/MonoBleedingEdge/lib/mono/unityjit'
Mono config path = 'C:/Program Files/Unity/Hub/Editor/2020.2.2f1/Editor/Data/MonoBleedingEdge/etc'
Using monoOptions --debugger-agent=transport=dt_socket,embedding=1,server=y,suspend=n,address=127.0.0.1:56616
Begin MonoManager ReloadAssembly
Registering precompiled unity dll's ...
Register platform support module: C:/Program Files/Unity/Hub/Editor/2020.2.2f1/Editor/Data/PlaybackEngines/WindowsStandaloneSupport/UnityEditor.WindowsStandalone.Extensions.dll
Registered in 0.003341 seconds.
Native extension for WindowsStandalone target not found
Refreshing native plugins compatible for Editor in 78.33 ms, found 3 plugins.
Preloading 0 native plugins for Editor in 0.00 ms.
Invoked RoslynAnalysisRunner static constructor.
RoslynAnalysisRunner will not be running.
RoslynAnalysisRunner has terminated.
Mono: successfully reloaded assembly
- Completed reload, in  3.194 seconds
Platform modules already initialized, skipping
Registering precompiled user dll's ...
Registered in 0.004440 seconds.
Begin MonoManager ReloadAssembly
Native extension for WindowsStandalone target not found
Refreshing native plugins compatible for Editor in 0.85 ms, found 3 plugins.
Preloading 0 native plugins for Editor in 0.00 ms.
Invoked RoslynAnalysisRunner static constructor.
RoslynAnalysisRunner will not be running.
RoslynAnalysisRunner has terminated.
Mono: successfully reloaded assembly
- Completed reload, in  1.672 seconds
Platform modules already initialized, skipping
========================================================================
Worker process is ready to serve import requests
Launched and connected shader compiler UnityShaderCompiler.exe after 0.07 seconds
Refreshing native plugins compatible for Editor in 1.07 ms, found 3 plugins.
Preloading 0 native plugins for Editor in 0.00 ms.
Unloading 2334 Unused Serialized files (Serialized files now loaded: 0)
System memory in use before: 118.4 MB.
System memory in use after: 118.6 MB.

Unloading 89 unused Assets to reduce memory usage. Loaded Objects now: 2770.
Total: 4.389000 ms (FindLiveObjects: 0.426100 ms CreateObjectMapping: 0.168100 ms MarkObjects: 3.563600 ms  DeleteObjects: 0.229000 ms)

========================================================================
Received Import Request.
  path: Assets/VR/Scripts/Bullets/BulletPool.cs
  artifactKey: Guid(1c6109b76b9b09b489968d3a6e5a5694) Importer(815301076,1909f56bfc062723c751e8b465ee728b)
Start importing Assets/VR/Scripts/Bullets/BulletPool.cs using Guid(1c6109b76b9b09b489968d3a6e5a5694) Importer(815301076,1909f56bfc062723c751e8b465ee728b)  -> (artifact id: 'dc678c33e6f1c92696e5cddd8028361f') in 0.036763 seconds
  Import took 0.041710 seconds .

========================================================================
Received Import Request.
  Time since last request: 2158.978103 seconds.
  path: Assets/VR/Scripts/Bullets/BulletPool.cs
  artifactKey: Guid(1c6109b76b9b09b489968d3a6e5a5694) Importer(815301076,1909f56bfc062723c751e8b465ee728b)
Start importing Assets/VR/Scripts/Bullets/BulletPool.cs using Guid(1c6109b76b9b09b489968d3a6e5a5694) Importer(815301076,1909f56bfc062723c751e8b465ee728b)  -> (artifact id: '3cc6f373aa838e97e60b46f6daa4da28') in 0.003080 seconds
  Import took 0.007226 seconds .

========================================================================
Received Import Request.
  Time since last request: 78.558921 seconds.
  path: Assets/VR/Scripts/Bullets/BulletPool.cs
  artifactKey: Guid(1c6109b76b9b09b489968d3a6e5a5694) Importer(815301076,1909f56bfc062723c751e8b465ee728b)
Start importing Assets/VR/Scripts/Bullets/BulletPool.cs using Guid(1c6109b76b9b09b489968d3a6e5a5694) Importer(815301076,1909f56bfc062723c751e8b465ee728b)  -> (artifact id: 'cc29812195ece9ede4816d029976484b') in 0.003112 seconds
  Import took 0.007066 seconds .

========================================================================
Received Import Request.
  Time since last request: 3262.574678 seconds.
  path: Assets/VR/Scripts/Bullets/BulletPool.cs
  artifactKey: Guid(1c6109b76b9b09b489968d3a6e5a5694) Importer(815301076,1909f56bfc062723c751e8b465ee728b)
Start importing Assets/VR/Scripts/Bullets/BulletPool.cs using Guid(1c6109b76b9b09b489968d3a6e5a5694) Importer(815301076,1909f56bfc062723c751e8b465ee728b)  -> (artifact id: '6a2379c9512526b8c00bd5e7a20b44f8') in 0.007328 seconds
  Import took 0.015420 seconds .

========================================================================
Received Import Request.
  Time since last request: 3819.659229 seconds.
  path: Assets/VR/Scripts/Bullets/BulletPool.cs
  artifactKey: Guid(1c6109b76b9b09b489968d3a6e5a5694) Importer(815301076,1909f56bfc062723c751e8b465ee728b)
Start importing Assets/VR/Scripts/Bullets/BulletPool.cs using Guid(1c6109b76b9b09b489968d3a6e5a5694) Importer(815301076,1909f56bfc062723c751e8b465ee728b)  -> (artifact id: 'bd6859688ba9b5e563b6b7be60f7552a') in 0.006877 seconds
  Import took 0.014758 seconds .

========================================================================
Received Import Request.
  Time since last request: 16.581551 seconds.
  path: Assets/VR/Scripts/Bullets/BulletPool.cs
  artifactKey: Guid(1c6109b76b9b09b489968d3a6e5a5694) Importer(815301076,1909f56bfc062723c751e8b465ee728b)
Start importing Assets/VR/Scripts/Bullets/BulletPool.cs using Guid(1c6109b76b9b09b489968d3a6e5a5694) Importer(815301076,1909f56bfc062723c751e8b465ee728b)  -> (artifact id: '4a162c7a31fd4dd230d0a6e31d7c1e2b') in 0.006953 seconds
  Import took 0.014651 seconds .

========================================================================
Received Import Request.
  Time since last request: 6.653887 seconds.
  path: Assets/VR/Scripts/Bullets/BulletPool.cs
  artifactKey: Guid(1c6109b76b9b09b489968d3a6e5a5694) Importer(815301076,1909f56bfc062723c751e8b465ee728b)
Start importing Assets/VR/Scripts/Bullets/BulletPool.cs using Guid(1c6109b76b9b09b489968d3a6e5a5694) Importer(815301076,1909f56bfc062723c751e8b465ee728b)  -> (artifact id: 'e4541ec01f84e837f2c9b400a98a4392') in 0.006743 seconds
  Import took 0.015548 seconds .

========================================================================
Received Import Request.
  Time since last request: 28.669827 seconds.
  path: Assets/VR/Scripts/Bullets/BulletPool.cs
  artifactKey: Guid(1c6109b76b9b09b489968d3a6e5a5694) Importer(815301076,1909f56bfc062723c751e8b465ee728b)
Start importing Assets/VR/Scripts/Bullets/BulletPool.cs using Guid(1c6109b76b9b09b489968d3a6e5a5694) Importer(815301076,1909f56bfc062723c751e8b465ee728b)  -> (artifact id: 'b1c6f4b3eba2795e80d68cf341aaa315') in 0.006255 seconds
  Import took 0.013052 seconds .

========================================================================
Received Import Request.
  Time since last request: 10.143233 seconds.
  path: Assets/VR/Scripts/Bullets/BulletPool.cs
  artifactKey: Guid(1c6109b76b9b09b489968d3a6e5a5694) Importer(815301076,1909f56bfc062723c751e8b465ee728b)
Start importing Assets/VR/Scripts/Bullets/BulletPool.cs using Guid(1c6109b76b9b09b489968d3a6e5a5694) Importer(815301076,1909f56bfc062723c751e8b465ee728b)  -> (artifact id: '073d600fe90b507d9fd0e3856a23a54e') in 0.008031 seconds
  Import took 0.016249 seconds .

========================================================================
Received Import Request.
  Time since last request: 94.897336 seconds.
  path: Assets/VR/Scripts/Bullets/BulletPool.cs
  artifactKey: Guid(1c6109b76b9b09b489968d3a6e5a5694) Importer(815301076,1909f56bfc062723c751e8b465ee728b)
Start importing Assets/VR/Scripts/Bullets/BulletPool.cs using Guid(1c6109b76b9b09b489968d3a6e5a5694) Importer(815301076,1909f56bfc062723c751e8b465ee728b)  -> (artifact id: '9a7cc8d2e75d766c932de557c70f047d') in 0.006116 seconds
  Import took 0.013673 seconds .

========================================================================
Received Import Request.
  Time since last request: 31.898293 seconds.
  path: Assets/VR/Scripts/Bullets/BulletPool.cs
  artifactKey: Guid(1c6109b76b9b09b489968d3a6e5a5694) Importer(815301076,1909f56bfc062723c751e8b465ee728b)
Start importing Assets/VR/Scripts/Bullets/BulletPool.cs using Guid(1c6109b76b9b09b489968d3a6e5a5694) Importer(815301076,1909f56bfc062723c751e8b465ee728b)  -> (artifact id: '94a622c8adc6add6bf136432455e6f3c') in 0.006493 seconds
  Import took 0.014865 seconds .

========================================================================
Received Import Request.
  Time since last request: 31.490837 seconds.
  path: Assets/VR/Scripts/Bullets/BulletPool.cs
  artifactKey: Guid(1c6109b76b9b09b489968d3a6e5a5694) Importer(815301076,1909f56bfc062723c751e8b465ee728b)
Start importing Assets/VR/Scripts/Bullets/BulletPool.cs using Guid(1c6109b76b9b09b489968d3a6e5a5694) Importer(815301076,1909f56bfc062723c751e8b465ee728b)  -> (artifact id: 'e0f0138a8e5a6a58db2906ea7c45fe77') in 0.005963 seconds
  Import took 0.013627 seconds .

========================================================================
Received Import Request.
  Time since last request: 4872.046143 seconds.
  path: Assets/VR/Scripts/Bullets/BulletPool.cs
  artifactKey: Guid(1c6109b76b9b09b489968d3a6e5a5694) Importer(815301076,1909f56bfc062723c751e8b465ee728b)
Start importing Assets/VR/Scripts/Bullets/BulletPool.cs using Guid(1c6109b76b9b09b489968d3a6e5a5694) Importer(815301076,1909f56bfc062723c751e8b465ee728b)  -> (artifact id: '588608ad2727a57612534fb76fc04b05') in 0.002926 seconds
  Import took 0.006989 seconds .

========================================================================
Received Import Request.
  Time since last request: 21.934027 seconds.
  path: Assets/VR/Scripts/Bullets/BulletPool.cs
  artifactKey: Guid(1c6109b76b9b09b489968d3a6e5a5694) Importer(815301076,1909f56bfc062723c751e8b465ee728b)
Start importing Assets/VR/Scripts/Bullets/BulletPool.cs using Guid(1c6109b76b9b09b489968d3a6e5a5694) Importer(815301076,1909f56bfc062723c751e8b465ee728b)  -> (artifact id: 'c41cb1b1790a6a83be1d0cb7dcd60d85') in 0.002851 seconds
  Import took 0.007188 seconds .

========================================================================
Received Import Request.
  Time since last request: 35.473072 seconds.
  path: Assets/VR/Scripts/Bullets/BulletPool.cs
  artifactKey: Guid(1c6109b76b9b09b489968d3a6e5a5694) Importer(815301076,1909f56bfc062723c751e8b465ee728b)
Start importing Assets/VR/Scripts/Bullets/BulletPool.cs using Guid(1c6109b76b9b09b489968d3a6e5a5694) Importer(815301076,1909f56bfc062723c751e8b465ee728b)  -> (artifact id: '2dd044c785c5073e0d1428af771113c1') in 0.003106 seconds
  Import took 0.006795 seconds .

========================================================================
Received Prepare
Registering precompiled user dll's ...
Registered in 0.003238 seconds.
Begin MonoManager ReloadAssembly
Native extension for WindowsStandalone target not found
Refreshing native plugins compatible for Editor in 0.57 ms, found 3 plugins.
Preloading 0 native plugins for Editor in 0.00 ms.
Warning: Annotation not found!
UnityEngine.StackTraceUtility:ExtractStackTrace ()
UnityEditor.ProBuilder.EditorUtility:SetGizmoIconEnabled (System.Type,bool) (at Library/PackageCache/com.unity.probuilder@4.4.0/Editor/EditorCore/EditorUtility.cs:593)
UnityEditor.ProBuilder.HierarchyListener:.cctor () (at Library/PackageCache/com.unity.probuilder@4.4.0/Editor/EditorCore/HierarchyListener.cs:21)
System.Runtime.CompilerServices.RuntimeHelpers:RunClassConstructor (System.RuntimeTypeHandle)
UnityEditor.EditorAssemblies:ProcessInitializeOnLoadAttributes (System.Type[])

[Library/PackageCache/com.unity.probuilder@4.4.0/Editor/EditorCore/EditorUtility.cs line 593]

Invoked RoslynAnalysisRunner static constructor.
RoslynAnalysisRunner will not be running.
RoslynAnalysisRunner has terminated.
Mono: successfully reloaded assembly
- Completed reload, in  0.859 seconds
Platform modules already initialized, skipping
Refreshing native plugins compatible for Editor in 0.54 ms, found 3 plugins.
Preloading 0 native plugins for Editor in 0.00 ms.
Unloading 2219 Unused Serialized files (Serialized files now loaded: 0)
System memory in use before: 111.6 MB.
System memory in use after: 111.8 MB.

Unloading 8 unused Assets to reduce memory usage. Loaded Objects now: 2773.
Total: 3.140600 ms (FindLiveObjects: 0.254900 ms CreateObjectMapping: 0.058700 ms MarkObjects: 2.712800 ms  DeleteObjects: 0.112400 ms)

========================================================================
Received Import Request.
  Time since last request: 19.034837 seconds.
  path: Assets/VR/Scenes/ShooterPC.unity
  artifactKey: Guid(9371fb09f1ba6fa4bb6b54e9661308ef) Importer(815301076,1909f56bfc062723c751e8b465ee728b)
Start importing Assets/VR/Scenes/ShooterPC.unity using Guid(9371fb09f1ba6fa4bb6b54e9661308ef) Importer(815301076,1909f56bfc062723c751e8b465ee728b)  -> (artifact id: '14156edfff5ee2f42a590b8bbc6c5bc7') in 0.011887 seconds
  Import took 0.016031 seconds .

========================================================================
Received Prepare
Registering precompiled user dll's ...
Registered in 0.002809 seconds.
Begin MonoManager ReloadAssembly
Native extension for WindowsStandalone target not found
Refreshing native plugins compatible for Editor in 0.64 ms, found 3 plugins.
Preloading 0 native plugins for Editor in 0.00 ms.
Warning: Annotation not found!
UnityEngine.StackTraceUtility:ExtractStackTrace ()
UnityEditor.ProBuilder.EditorUtility:SetGizmoIconEnabled (System.Type,bool) (at Library/PackageCache/com.unity.probuilder@4.4.0/Editor/EditorCore/EditorUtility.cs:593)
UnityEditor.ProBuilder.HierarchyListener:.cctor () (at Library/PackageCache/com.unity.probuilder@4.4.0/Editor/EditorCore/HierarchyListener.cs:21)
System.Runtime.CompilerServices.RuntimeHelpers:RunClassConstructor (System.RuntimeTypeHandle)
UnityEditor.EditorAssemblies:ProcessInitializeOnLoadAttributes (System.Type[])

[Library/PackageCache/com.unity.probuilder@4.4.0/Editor/EditorCore/EditorUtility.cs line 593]

Invoked RoslynAnalysisRunner static constructor.
RoslynAnalysisRunner will not be running.
RoslynAnalysisRunner has terminated.
Mono: successfully reloaded assembly
- Completed reload, in  0.894 seconds
Platform modules already initialized, skipping
Refreshing native plugins compatible for Editor in 0.60 ms, found 3 plugins.
Preloading 0 native plugins for Editor in 0.00 ms.
Unloading 2219 Unused Serialized files (Serialized files now loaded: 0)
System memory in use before: 111.7 MB.
System memory in use after: 111.9 MB.

Unloading 8 unused Assets to reduce memory usage. Loaded Objects now: 2776.
Total: 2.934200 ms (FindLiveObjects: 0.294800 ms CreateObjectMapping: 0.068300 ms MarkObjects: 2.490200 ms  DeleteObjects: 0.079100 ms)

========================================================================
Received Prepare
Registering precompiled user dll's ...
Registered in 0.002926 seconds.
Begin MonoManager ReloadAssembly
Native extension for WindowsStandalone target not found
Refreshing native plugins compatible for Editor in 0.58 ms, found 3 plugins.
Preloading 0 native plugins for Editor in 0.00 ms.
Warning: Annotation not found!
UnityEngine.StackTraceUtility:ExtractStackTrace ()
UnityEditor.ProBuilder.EditorUtility:SetGizmoIconEnabled (System.Type,bool) (at Library/PackageCache/com.unity.probuilder@4.4.0/Editor/EditorCore/EditorUtility.cs:593)
UnityEditor.ProBuilder.HierarchyListener:.cctor () (at Library/PackageCache/com.unity.probuilder@4.4.0/Editor/EditorCore/HierarchyListener.cs:21)
System.Runtime.CompilerServices.RuntimeHelpers:RunClassConstructor (System.RuntimeTypeHandle)
UnityEditor.EditorAssemblies:ProcessInitializeOnLoadAttributes (System.Type[])

[Library/PackageCache/com.unity.probuilder@4.4.0/Editor/EditorCore/EditorUtility.cs line 593]

Invoked RoslynAnalysisRunner static constructor.
RoslynAnalysisRunner will not be running.
RoslynAnalysisRunner has terminated.
Mono: successfully reloaded assembly
- Completed reload, in  0.844 seconds
Platform modules already initialized, skipping
Refreshing native plugins compatible for Editor in 0.55 ms, found 3 plugins.
Preloading 0 native plugins for Editor in 0.00 ms.
Unloading 2219 Unused Serialized files (Serialized files now loaded: 0)
System memory in use before: 111.7 MB.
System memory in use after: 111.9 MB.

Unloading 8 unused Assets to reduce memory usage. Loaded Objects now: 2779.
Total: 3.954500 ms (FindLiveObjects: 0.322100 ms CreateObjectMapping: 0.119400 ms MarkObjects: 3.435200 ms  DeleteObjects: 0.075800 ms)

========================================================================
Received Prepare
Registering precompiled user dll's ...
Registered in 0.002836 seconds.
Begin MonoManager ReloadAssembly
Native extension for WindowsStandalone target not found
Refreshing native plugins compatible for Editor in 0.61 ms, found 3 plugins.
Preloading 0 native plugins for Editor in 0.00 ms.
Warning: Annotation not found!
UnityEngine.StackTraceUtility:ExtractStackTrace ()
UnityEditor.ProBuilder.EditorUtility:SetGizmoIconEnabled (System.Type,bool) (at Library/PackageCache/com.unity.probuilder@4.4.0/Editor/EditorCore/EditorUtility.cs:593)
UnityEditor.ProBuilder.HierarchyListener:.cctor () (at Library/PackageCache/com.unity.probuilder@4.4.0/Editor/EditorCore/HierarchyListener.cs:21)
System.Runtime.CompilerServices.RuntimeHelpers:RunClassConstructor (System.RuntimeTypeHandle)
UnityEditor.EditorAssemblies:ProcessInitializeOnLoadAttributes (System.Type[])

[Library/PackageCache/com.unity.probuilder@4.4.0/Editor/EditorCore/EditorUtility.cs line 593]

Invoked RoslynAnalysisRunner static constructor.
RoslynAnalysisRunner will not be running.
RoslynAnalysisRunner has terminated.
Mono: successfully reloaded assembly
- Completed reload, in  0.884 seconds
Platform modules already initialized, skipping
Refreshing native plugins compatible for Editor in 0.56 ms, found 3 plugins.
Preloading 0 native plugins for Editor in 0.00 ms.
Unloading 2219 Unused Serialized files (Serialized files now loaded: 0)
System memory in use before: 111.7 MB.
System memory in use after: 111.9 MB.

Unloading 8 unused Assets to reduce memory usage. Loaded Objects now: 2782.
Total: 2.745600 ms (FindLiveObjects: 0.249800 ms CreateObjectMapping: 0.055500 ms MarkObjects: 2.366400 ms  DeleteObjects: 0.072900 ms)

========================================================================
Received Prepare
Registering precompiled user dll's ...
Registered in 0.002858 seconds.
Begin MonoManager ReloadAssembly
Native extension for WindowsStandalone target not found
Refreshing native plugins compatible for Editor in 0.58 ms, found 3 plugins.
Preloading 0 native plugins for Editor in 0.00 ms.
Warning: Annotation not found!
UnityEngine.StackTraceUtility:ExtractStackTrace ()
UnityEditor.ProBuilder.EditorUtility:SetGizmoIconEnabled (System.Type,bool) (at Library/PackageCache/com.unity.probuilder@4.4.0/Editor/EditorCore/EditorUtility.cs:593)
UnityEditor.ProBuilder.HierarchyListener:.cctor () (at Library/PackageCache/com.unity.probuilder@4.4.0/Editor/EditorCore/HierarchyListener.cs:21)
System.Runtime.CompilerServices.RuntimeHelpers:RunClassConstructor (System.RuntimeTypeHandle)
UnityEditor.EditorAssemblies:ProcessInitializeOnLoadAttributes (System.Type[])

[Library/PackageCache/com.unity.probuilder@4.4.0/Editor/EditorCore/EditorUtility.cs line 593]

Invoked RoslynAnalysisRunner static constructor.
RoslynAnalysisRunner will not be running.
RoslynAnalysisRunner has terminated.
Mono: successfully reloaded assembly
- Completed reload, in  0.876 seconds
Platform modules already initialized, skipping
Refreshing native plugins compatible for Editor in 0.60 ms, found 3 plugins.
Preloading 0 native plugins for Editor in 0.00 ms.
Unloading 2219 Unused Serialized files (Serialized files now loaded: 0)
System memory in use before: 111.7 MB.
System memory in use after: 111.8 MB.

Unloading 8 unused Assets to reduce memory usage. Loaded Objects now: 2785.
Total: 2.843100 ms (FindLiveObjects: 0.292000 ms CreateObjectMapping: 0.060100 ms MarkObjects: 2.387900 ms  DeleteObjects: 0.101600 ms)

========================================================================
Received Prepare
Registering precompiled user dll's ...
Registered in 0.003909 seconds.
Begin MonoManager ReloadAssembly
Native extension for WindowsStandalone target not found
Refreshing native plugins compatible for Editor in 0.57 ms, found 3 plugins.
Preloading 0 native plugins for Editor in 0.00 ms.
Warning: Annotation not found!
UnityEngine.StackTraceUtility:ExtractStackTrace ()
UnityEditor.ProBuilder.EditorUtility:SetGizmoIconEnabled (System.Type,bool) (at Library/PackageCache/com.unity.probuilder@4.4.0/Editor/EditorCore/EditorUtility.cs:593)
UnityEditor.ProBuilder.HierarchyListener:.cctor () (at Library/PackageCache/com.unity.probuilder@4.4.0/Editor/EditorCore/HierarchyListener.cs:21)
System.Runtime.CompilerServices.RuntimeHelpers:RunClassConstructor (System.RuntimeTypeHandle)
UnityEditor.EditorAssemblies:ProcessInitializeOnLoadAttributes (System.Type[])

[Library/PackageCache/com.unity.probuilder@4.4.0/Editor/EditorCore/EditorUtility.cs line 593]

Invoked RoslynAnalysisRunner static constructor.
RoslynAnalysisRunner will not be running.
RoslynAnalysisRunner has terminated.
Mono: successfully reloaded assembly
- Completed reload, in  0.860 seconds
Platform modules already initialized, skipping
Refreshing native plugins compatible for Editor in 0.57 ms, found 3 plugins.
Preloading 0 native plugins for Editor in 0.00 ms.
Unloading 2219 Unused Serialized files (Serialized files now loaded: 0)
System memory in use before: 111.8 MB.
System memory in use after: 111.9 MB.

Unloading 8 unused Assets to reduce memory usage. Loaded Objects now: 2788.
Total: 2.440900 ms (FindLiveObjects: 0.325600 ms CreateObjectMapping: 0.063500 ms MarkObjects: 1.980800 ms  DeleteObjects: 0.069800 ms)

========================================================================
Received Prepare
Registering precompiled user dll's ...
Registered in 0.003896 seconds.
Begin MonoManager ReloadAssembly
Native extension for WindowsStandalone target not found
Refreshing native plugins compatible for Editor in 0.64 ms, found 3 plugins.
Preloading 0 native plugins for Editor in 0.00 ms.
Warning: Annotation not found!
UnityEngine.StackTraceUtility:ExtractStackTrace ()
UnityEditor.ProBuilder.EditorUtility:SetGizmoIconEnabled (System.Type,bool) (at Library/PackageCache/com.unity.probuilder@4.4.0/Editor/EditorCore/EditorUtility.cs:593)
UnityEditor.ProBuilder.HierarchyListener:.cctor () (at Library/PackageCache/com.unity.probuilder@4.4.0/Editor/EditorCore/HierarchyListener.cs:21)
System.Runtime.CompilerServices.RuntimeHelpers:RunClassConstructor (System.RuntimeTypeHandle)
UnityEditor.EditorAssemblies:ProcessInitializeOnLoadAttributes (System.Type[])

[Library/PackageCache/com.unity.probuilder@4.4.0/Editor/EditorCore/EditorUtility.cs line 593]

Invoked RoslynAnalysisRunner static constructor.
RoslynAnalysisRunner will not be running.
RoslynAnalysisRunner has terminated.
Mono: successfully reloaded assembly
- Completed reload, in  0.883 seconds
Platform modules already initialized, skipping
Refreshing native plugins compatible for Editor in 0.58 ms, found 3 plugins.
Preloading 0 native plugins for Editor in 0.00 ms.
Unloading 2219 Unused Serialized files (Serialized files now loaded: 0)
System memory in use before: 111.8 MB.
System memory in use after: 112.0 MB.

Unloading 8 unused Assets to reduce memory usage. Loaded Objects now: 2791.
Total: 3.558900 ms (FindLiveObjects: 0.399800 ms CreateObjectMapping: 0.207800 ms MarkObjects: 2.788800 ms  DeleteObjects: 0.161100 ms)

========================================================================
Received Prepare
Registering precompiled user dll's ...
Registered in 0.002885 seconds.
Begin MonoManager ReloadAssembly
Native extension for WindowsStandalone target not found
Refreshing native plugins compatible for Editor in 0.58 ms, found 3 plugins.
Preloading 0 native plugins for Editor in 0.00 ms.
Warning: Annotation not found!
UnityEngine.StackTraceUtility:ExtractStackTrace ()
UnityEditor.ProBuilder.EditorUtility:SetGizmoIconEnabled (System.Type,bool) (at Library/PackageCache/com.unity.probuilder@4.4.0/Editor/EditorCore/EditorUtility.cs:593)
UnityEditor.ProBuilder.HierarchyListener:.cctor () (at Library/PackageCache/com.unity.probuilder@4.4.0/Editor/EditorCore/HierarchyListener.cs:21)
System.Runtime.CompilerServices.RuntimeHelpers:RunClassConstructor (System.RuntimeTypeHandle)
UnityEditor.EditorAssemblies:ProcessInitializeOnLoadAttributes (System.Type[])

[Library/PackageCache/com.unity.probuilder@4.4.0/Editor/EditorCore/EditorUtility.cs line 593]

Invoked RoslynAnalysisRunner static constructor.
RoslynAnalysisRunner will not be running.
RoslynAnalysisRunner has terminated.
Mono: successfully reloaded assembly
- Completed reload, in  0.845 seconds
Platform modules already initialized, skipping
Refreshing native plugins compatible for Editor in 0.62 ms, found 3 plugins.
Preloading 0 native plugins for Editor in 0.00 ms.
Unloading 2219 Unused Serialized files (Serialized files now loaded: 0)
System memory in use before: 111.8 MB.
System memory in use after: 112.0 MB.

Unloading 8 unused Assets to reduce memory usage. Loaded Objects now: 2794.
Total: 2.648200 ms (FindLiveObjects: 0.279400 ms CreateObjectMapping: 0.071800 ms MarkObjects: 2.221100 ms  DeleteObjects: 0.074200 ms)

========================================================================
Received Prepare
Registering precompiled user dll's ...
Registered in 0.002840 seconds.
Begin MonoManager ReloadAssembly
Native extension for WindowsStandalone target not found
Refreshing native plugins compatible for Editor in 0.57 ms, found 3 plugins.
Preloading 0 native plugins for Editor in 0.00 ms.
Warning: Annotation not found!
UnityEngine.StackTraceUtility:ExtractStackTrace ()
UnityEditor.ProBuilder.EditorUtility:SetGizmoIconEnabled (System.Type,bool) (at Library/PackageCache/com.unity.probuilder@4.4.0/Editor/EditorCore/EditorUtility.cs:593)
UnityEditor.ProBuilder.HierarchyListener:.cctor () (at Library/PackageCache/com.unity.probuilder@4.4.0/Editor/EditorCore/HierarchyListener.cs:21)
System.Runtime.CompilerServices.RuntimeHelpers:RunClassConstructor (System.RuntimeTypeHandle)
UnityEditor.EditorAssemblies:ProcessInitializeOnLoadAttributes (System.Type[])

[Library/PackageCache/com.unity.probuilder@4.4.0/Editor/EditorCore/EditorUtility.cs line 593]

Invoked RoslynAnalysisRunner static constructor.
RoslynAnalysisRunner will not be running.
RoslynAnalysisRunner has terminated.
Mono: successfully reloaded assembly
- Completed reload, in  0.844 seconds
Platform modules already initialized, skipping
Refreshing native plugins compatible for Editor in 0.61 ms, found 3 plugins.
Preloading 0 native plugins for Editor in 0.00 ms.
Unloading 2219 Unused Serialized files (Serialized files now loaded: 0)
System memory in use before: 111.8 MB.
System memory in use after: 112.0 MB.

Unloading 8 unused Assets to reduce memory usage. Loaded Objects now: 2797.
Total: 3.205200 ms (FindLiveObjects: 0.479300 ms CreateObjectMapping: 0.185800 ms MarkObjects: 2.462600 ms  DeleteObjects: 0.075600 ms)

========================================================================
Received Import Request.
  Time since last request: 3074.838687 seconds.
  path: Assets/VR/Scenes/BulletTest.unity
  artifactKey: Guid(ed59a610bf2817a43bd1a7b5c836a31d) Importer(815301076,1909f56bfc062723c751e8b465ee728b)
Start importing Assets/VR/Scenes/BulletTest.unity using Guid(ed59a610bf2817a43bd1a7b5c836a31d) Importer(815301076,1909f56bfc062723c751e8b465ee728b)  -> (artifact id: 'f4b5b982b3046eb251eb083bc02c5659') in 0.011655 seconds
  Import took 0.015634 seconds .

========================================================================
Received Prepare
Registering precompiled user dll's ...
Registered in 0.003025 seconds.
Begin MonoManager ReloadAssembly
Native extension for WindowsStandalone target not found
Refreshing native plugins compatible for Editor in 0.60 ms, found 3 plugins.
Preloading 0 native plugins for Editor in 0.00 ms.
Warning: Annotation not found!
UnityEngine.StackTraceUtility:ExtractStackTrace ()
UnityEditor.ProBuilder.EditorUtility:SetGizmoIconEnabled (System.Type,bool) (at Library/PackageCache/com.unity.probuilder@4.4.0/Editor/EditorCore/EditorUtility.cs:593)
UnityEditor.ProBuilder.HierarchyListener:.cctor () (at Library/PackageCache/com.unity.probuilder@4.4.0/Editor/EditorCore/HierarchyListener.cs:21)
System.Runtime.CompilerServices.RuntimeHelpers:RunClassConstructor (System.RuntimeTypeHandle)
UnityEditor.EditorAssemblies:ProcessInitializeOnLoadAttributes (System.Type[])

[Library/PackageCache/com.unity.probuilder@4.4.0/Editor/EditorCore/EditorUtility.cs line 593]

Invoked RoslynAnalysisRunner static constructor.
RoslynAnalysisRunner will not be running.
RoslynAnalysisRunner has terminated.
Mono: successfully reloaded assembly
- Completed reload, in  0.874 seconds
Platform modules already initialized, skipping
Refreshing native plugins compatible for Editor in 0.73 ms, found 3 plugins.
Preloading 0 native plugins for Editor in 0.00 ms.
Unloading 2219 Unused Serialized files (Serialized files now loaded: 0)
System memory in use before: 111.7 MB.
System memory in use after: 111.9 MB.

Unloading 8 unused Assets to reduce memory usage. Loaded Objects now: 2800.
Total: 3.406800 ms (FindLiveObjects: 0.337800 ms CreateObjectMapping: 0.141500 ms MarkObjects: 2.857300 ms  DeleteObjects: 0.068900 ms)

========================================================================
Received Prepare
Registering precompiled user dll's ...
Registered in 0.002744 seconds.
Begin MonoManager ReloadAssembly
Native extension for WindowsStandalone target not found
Refreshing native plugins compatible for Editor in 0.72 ms, found 3 plugins.
Preloading 0 native plugins for Editor in 0.00 ms.
Warning: Annotation not found!
UnityEngine.StackTraceUtility:ExtractStackTrace ()
UnityEditor.ProBuilder.EditorUtility:SetGizmoIconEnabled (System.Type,bool) (at Library/PackageCache/com.unity.probuilder@4.4.0/Editor/EditorCore/EditorUtility.cs:593)
UnityEditor.ProBuilder.HierarchyListener:.cctor () (at Library/PackageCache/com.unity.probuilder@4.4.0/Editor/EditorCore/HierarchyListener.cs:21)
System.Runtime.CompilerServices.RuntimeHelpers:RunClassConstructor (System.RuntimeTypeHandle)
UnityEditor.EditorAssemblies:ProcessInitializeOnLoadAttributes (System.Type[])

[Library/PackageCache/com.unity.probuilder@4.4.0/Editor/EditorCore/EditorUtility.cs line 593]

Invoked RoslynAnalysisRunner static constructor.
RoslynAnalysisRunner will not be running.
RoslynAnalysisRunner has terminated.
Mono: successfully reloaded assembly
- Completed reload, in  0.869 seconds
Platform modules already initialized, skipping
Refreshing native plugins compatible for Editor in 0.57 ms, found 3 plugins.
Preloading 0 native plugins for Editor in 0.00 ms.
Unloading 2219 Unused Serialized files (Serialized files now loaded: 0)
System memory in use before: 111.8 MB.
System memory in use after: 112.0 MB.

Unloading 8 unused Assets to reduce memory usage. Loaded Objects now: 2803.
Total: 2.867700 ms (FindLiveObjects: 0.373200 ms CreateObjectMapping: 0.129200 ms MarkObjects: 2.279200 ms  DeleteObjects: 0.084500 ms)

========================================================================
Received Prepare
Registering precompiled user dll's ...
Registered in 0.002896 seconds.
Begin MonoManager ReloadAssembly
Native extension for WindowsStandalone target not found
Refreshing native plugins compatible for Editor in 0.73 ms, found 3 plugins.
Preloading 0 native plugins for Editor in 0.00 ms.
Warning: Annotation not found!
UnityEngine.StackTraceUtility:ExtractStackTrace ()
UnityEditor.ProBuilder.EditorUtility:SetGizmoIconEnabled (System.Type,bool) (at Library/PackageCache/com.unity.probuilder@4.4.0/Editor/EditorCore/EditorUtility.cs:593)
UnityEditor.ProBuilder.HierarchyListener:.cctor () (at Library/PackageCache/com.unity.probuilder@4.4.0/Editor/EditorCore/HierarchyListener.cs:21)
System.Runtime.CompilerServices.RuntimeHelpers:RunClassConstructor (System.RuntimeTypeHandle)
UnityEditor.EditorAssemblies:ProcessInitializeOnLoadAttributes (System.Type[])

[Library/PackageCache/com.unity.probuilder@4.4.0/Editor/EditorCore/EditorUtility.cs line 593]

Invoked RoslynAnalysisRunner static constructor.
RoslynAnalysisRunner will not be running.
RoslynAnalysisRunner has terminated.
Mono: successfully reloaded assembly
- Completed reload, in  0.874 seconds
Platform modules already initialized, skipping
Refreshing native plugins compatible for Editor in 0.62 ms, found 3 plugins.
Preloading 0 native plugins for Editor in 0.00 ms.
Unloading 2219 Unused Serialized files (Serialized files now loaded: 0)
System memory in use before: 111.8 MB.
System memory in use after: 112.0 MB.

Unloading 8 unused Assets to reduce memory usage. Loaded Objects now: 2806.
Total: 2.749900 ms (FindLiveObjects: 0.275000 ms CreateObjectMapping: 0.066900 ms MarkObjects: 2.313800 ms  DeleteObjects: 0.093000 ms)

========================================================================
Received Prepare
Registering precompiled user dll's ...
Registered in 0.003035 seconds.
Begin MonoManager ReloadAssembly
Native extension for WindowsStandalone target not found
Refreshing native plugins compatible for Editor in 0.72 ms, found 3 plugins.
Preloading 0 native plugins for Editor in 0.00 ms.
Warning: Annotation not found!
UnityEngine.StackTraceUtility:ExtractStackTrace ()
UnityEditor.ProBuilder.EditorUtility:SetGizmoIconEnabled (System.Type,bool) (at Library/PackageCache/com.unity.probuilder@4.4.0/Editor/EditorCore/EditorUtility.cs:593)
UnityEditor.ProBuilder.HierarchyListener:.cctor () (at Library/PackageCache/com.unity.probuilder@4.4.0/Editor/EditorCore/HierarchyListener.cs:21)
System.Runtime.CompilerServices.RuntimeHelpers:RunClassConstructor (System.RuntimeTypeHandle)
UnityEditor.EditorAssemblies:ProcessInitializeOnLoadAttributes (System.Type[])

[Library/PackageCache/com.unity.probuilder@4.4.0/Editor/EditorCore/EditorUtility.cs line 593]

Invoked RoslynAnalysisRunner static constructor.
RoslynAnalysisRunner will not be running.
RoslynAnalysisRunner has terminated.
Mono: successfully reloaded assembly
- Completed reload, in  0.882 seconds
Platform modules already initialized, skipping
Refreshing native plugins compatible for Editor in 0.55 ms, found 3 plugins.
Preloading 0 native plugins for Editor in 0.00 ms.
Unloading 2219 Unused Serialized files (Serialized files now loaded: 0)
System memory in use before: 111.8 MB.
System memory in use after: 112.0 MB.

Unloading 8 unused Assets to reduce memory usage. Loaded Objects now: 2809.
Total: 2.471200 ms (FindLiveObjects: 0.318000 ms CreateObjectMapping: 0.066500 ms MarkObjects: 2.018000 ms  DeleteObjects: 0.067800 ms)

========================================================================
Received Prepare
Registering precompiled user dll's ...
Registered in 0.002862 seconds.
Begin MonoManager ReloadAssembly
Native extension for WindowsStandalone target not found
Refreshing native plugins compatible for Editor in 0.60 ms, found 3 plugins.
Preloading 0 native plugins for Editor in 0.00 ms.
Warning: Annotation not found!
UnityEngine.StackTraceUtility:ExtractStackTrace ()
UnityEditor.ProBuilder.EditorUtility:SetGizmoIconEnabled (System.Type,bool) (at Library/PackageCache/com.unity.probuilder@4.4.0/Editor/EditorCore/EditorUtility.cs:593)
UnityEditor.ProBuilder.HierarchyListener:.cctor () (at Library/PackageCache/com.unity.probuilder@4.4.0/Editor/EditorCore/HierarchyListener.cs:21)
System.Runtime.CompilerServices.RuntimeHelpers:RunClassConstructor (System.RuntimeTypeHandle)
UnityEditor.EditorAssemblies:ProcessInitializeOnLoadAttributes (System.Type[])

[Library/PackageCache/com.unity.probuilder@4.4.0/Editor/EditorCore/EditorUtility.cs line 593]

Invoked RoslynAnalysisRunner static constructor.
RoslynAnalysisRunner will not be running.
RoslynAnalysisRunner has terminated.
Mono: successfully reloaded assembly
- Completed reload, in  0.882 seconds
Platform modules already initialized, skipping
Refreshing native plugins compatible for Editor in 0.59 ms, found 3 plugins.
Preloading 0 native plugins for Editor in 0.00 ms.
Unloading 2219 Unused Serialized files (Serialized files now loaded: 0)
System memory in use before: 111.8 MB.
System memory in use after: 112.0 MB.

Unloading 8 unused Assets to reduce memory usage. Loaded Objects now: 2812.
Total: 3.063100 ms (FindLiveObjects: 0.354400 ms CreateObjectMapping: 0.081500 ms MarkObjects: 2.549500 ms  DeleteObjects: 0.076200 ms)

========================================================================
Received Prepare
Registering precompiled user dll's ...
Registered in 0.002834 seconds.
Begin MonoManager ReloadAssembly
Native extension for WindowsStandalone target not found
Refreshing native plugins compatible for Editor in 0.62 ms, found 3 plugins.
Preloading 0 native plugins for Editor in 0.00 ms.
Warning: Annotation not found!
UnityEngine.StackTraceUtility:ExtractStackTrace ()
UnityEditor.ProBuilder.EditorUtility:SetGizmoIconEnabled (System.Type,bool) (at Library/PackageCache/com.unity.probuilder@4.4.0/Editor/EditorCore/EditorUtility.cs:593)
UnityEditor.ProBuilder.HierarchyListener:.cctor () (at Library/PackageCache/com.unity.probuilder@4.4.0/Editor/EditorCore/HierarchyListener.cs:21)
System.Runtime.CompilerServices.RuntimeHelpers:RunClassConstructor (System.RuntimeTypeHandle)
UnityEditor.EditorAssemblies:ProcessInitializeOnLoadAttributes (System.Type[])

[Library/PackageCache/com.unity.probuilder@4.4.0/Editor/EditorCore/EditorUtility.cs line 593]

Invoked RoslynAnalysisRunner static constructor.
RoslynAnalysisRunner will not be running.
RoslynAnalysisRunner has terminated.
Mono: successfully reloaded assembly
- Completed reload, in  0.891 seconds
Platform modules already initialized, skipping
Refreshing native plugins compatible for Editor in 0.64 ms, found 3 plugins.
Preloading 0 native plugins for Editor in 0.00 ms.
Unloading 2219 Unused Serialized files (Serialized files now loaded: 0)
System memory in use before: 111.7 MB.
System memory in use after: 111.9 MB.

Unloading 8 unused Assets to reduce memory usage. Loaded Objects now: 2815.
Total: 3.173900 ms (FindLiveObjects: 0.557600 ms CreateObjectMapping: 0.214500 ms MarkObjects: 2.309400 ms  DeleteObjects: 0.089000 ms)

========================================================================
Received Prepare
Registering precompiled user dll's ...
Registered in 0.002893 seconds.
Begin MonoManager ReloadAssembly
Native extension for WindowsStandalone target not found
Refreshing native plugins compatible for Editor in 0.58 ms, found 3 plugins.
Preloading 0 native plugins for Editor in 0.00 ms.
Warning: Annotation not found!
UnityEngine.StackTraceUtility:ExtractStackTrace ()
UnityEditor.ProBuilder.EditorUtility:SetGizmoIconEnabled (System.Type,bool) (at Library/PackageCache/com.unity.probuilder@4.4.0/Editor/EditorCore/EditorUtility.cs:593)
UnityEditor.ProBuilder.HierarchyListener:.cctor () (at Library/PackageCache/com.unity.probuilder@4.4.0/Editor/EditorCore/HierarchyListener.cs:21)
System.Runtime.CompilerServices.RuntimeHelpers:RunClassConstructor (System.RuntimeTypeHandle)
UnityEditor.EditorAssemblies:ProcessInitializeOnLoadAttributes (System.Type[])

[Library/PackageCache/com.unity.probuilder@4.4.0/Editor/EditorCore/EditorUtility.cs line 593]

Invoked RoslynAnalysisRunner static constructor.
RoslynAnalysisRunner will not be running.
RoslynAnalysisRunner has terminated.
Mono: successfully reloaded assembly
- Completed reload, in  0.873 seconds
Platform modules already initialized, skipping
Refreshing native plugins compatible for Editor in 0.67 ms, found 3 plugins.
Preloading 0 native plugins for Editor in 0.00 ms.
Unloading 2219 Unused Serialized files (Serialized files now loaded: 0)
System memory in use before: 111.8 MB.
System memory in use after: 112.0 MB.

Unloading 8 unused Assets to reduce memory usage. Loaded Objects now: 2818.
Total: 3.542100 ms (FindLiveObjects: 0.487400 ms CreateObjectMapping: 0.130700 ms MarkObjects: 2.837100 ms  DeleteObjects: 0.085400 ms)

========================================================================
Received Prepare
Registering precompiled user dll's ...
Registered in 0.002909 seconds.
Begin MonoManager ReloadAssembly
Native extension for WindowsStandalone target not found
Refreshing native plugins compatible for Editor in 0.60 ms, found 3 plugins.
Preloading 0 native plugins for Editor in 0.00 ms.
Warning: Annotation not found!
UnityEngine.StackTraceUtility:ExtractStackTrace ()
UnityEditor.ProBuilder.EditorUtility:SetGizmoIconEnabled (System.Type,bool) (at Library/PackageCache/com.unity.probuilder@4.4.0/Editor/EditorCore/EditorUtility.cs:593)
UnityEditor.ProBuilder.HierarchyListener:.cctor () (at Library/PackageCache/com.unity.probuilder@4.4.0/Editor/EditorCore/HierarchyListener.cs:21)
System.Runtime.CompilerServices.RuntimeHelpers:RunClassConstructor (System.RuntimeTypeHandle)
UnityEditor.EditorAssemblies:ProcessInitializeOnLoadAttributes (System.Type[])

[Library/PackageCache/com.unity.probuilder@4.4.0/Editor/EditorCore/EditorUtility.cs line 593]

Invoked RoslynAnalysisRunner static constructor.
RoslynAnalysisRunner will not be running.
RoslynAnalysisRunner has terminated.
Mono: successfully reloaded assembly
- Completed reload, in  0.873 seconds
Platform modules already initialized, skipping
Refreshing native plugins compatible for Editor in 0.86 ms, found 3 plugins.
Preloading 0 native plugins for Editor in 0.00 ms.
Unloading 2219 Unused Serialized files (Serialized files now loaded: 0)
System memory in use before: 111.9 MB.
System memory in use after: 112.0 MB.

Unloading 8 unused Assets to reduce memory usage. Loaded Objects now: 2821.
Total: 2.701100 ms (FindLiveObjects: 0.279800 ms CreateObjectMapping: 0.065600 ms MarkObjects: 2.273000 ms  DeleteObjects: 0.081200 ms)

========================================================================
Received Prepare
Registering precompiled user dll's ...
Registered in 0.002792 seconds.
Begin MonoManager ReloadAssembly
Native extension for WindowsStandalone target not found
Refreshing native plugins compatible for Editor in 0.61 ms, found 3 plugins.
Preloading 0 native plugins for Editor in 0.00 ms.
Warning: Annotation not found!
UnityEngine.StackTraceUtility:ExtractStackTrace ()
UnityEditor.ProBuilder.EditorUtility:SetGizmoIconEnabled (System.Type,bool) (at Library/PackageCache/com.unity.probuilder@4.4.0/Editor/EditorCore/EditorUtility.cs:593)
UnityEditor.ProBuilder.HierarchyListener:.cctor () (at Library/PackageCache/com.unity.probuilder@4.4.0/Editor/EditorCore/HierarchyListener.cs:21)
System.Runtime.CompilerServices.RuntimeHelpers:RunClassConstructor (System.RuntimeTypeHandle)
UnityEditor.EditorAssemblies:ProcessInitializeOnLoadAttributes (System.Type[])

[Library/PackageCache/com.unity.probuilder@4.4.0/Editor/EditorCore/EditorUtility.cs line 593]

Invoked RoslynAnalysisRunner static constructor.
RoslynAnalysisRunner will not be running.
RoslynAnalysisRunner has terminated.
Mono: successfully reloaded assembly
- Completed reload, in  0.861 seconds
Platform modules already initialized, skipping
Refreshing native plugins compatible for Editor in 0.69 ms, found 3 plugins.
Preloading 0 native plugins for Editor in 0.00 ms.
Unloading 2219 Unused Serialized files (Serialized files now loaded: 0)
System memory in use before: 111.9 MB.
System memory in use after: 112.0 MB.

Unloading 8 unused Assets to reduce memory usage. Loaded Objects now: 2824.
Total: 3.000500 ms (FindLiveObjects: 0.358400 ms CreateObjectMapping: 0.101200 ms MarkObjects: 2.414600 ms  DeleteObjects: 0.125400 ms)

========================================================================
Received Import Request.
  Time since last request: 2337.362425 seconds.
  path: Assets/VR/Prefabs/Bullets/Finalised/BasicBulletDelivery 1.prefab
  artifactKey: Guid(147f29185be3f5145bd5ac13972e9efa) Importer(815301076,1909f56bfc062723c751e8b465ee728b)
Start importing Assets/VR/Prefabs/Bullets/Finalised/BasicBulletDelivery 1.prefab using Guid(147f29185be3f5145bd5ac13972e9efa) Importer(815301076,1909f56bfc062723c751e8b465ee728b)  -> (artifact id: '2c4f3e063eecdf6e20a55a9bf184a8eb') in 0.032391 seconds
  Import took 0.036154 seconds .

========================================================================
Received Import Request.
  Time since last request: 0.011642 seconds.
  path: Assets/VR/Prefabs/Bullets/Finalised/BasicBulletDelivery 1.prefab
  artifactKey: Guid(147f29185be3f5145bd5ac13972e9efa) Importer(815301076,1909f56bfc062723c751e8b465ee728b)
Start importing Assets/VR/Prefabs/Bullets/Finalised/BasicBulletDelivery 1.prefab using Guid(147f29185be3f5145bd5ac13972e9efa) Importer(815301076,1909f56bfc062723c751e8b465ee728b)  -> (artifact id: '2c4f3e063eecdf6e20a55a9bf184a8eb') in 0.006055 seconds
  Import took 0.010344 seconds .

========================================================================
Received Import Request.
  Time since last request: 4.967404 seconds.
  path: Assets/VR/Prefabs/Bullets/Finalised/Wave2.prefab
  artifactKey: Guid(147f29185be3f5145bd5ac13972e9efa) Importer(815301076,1909f56bfc062723c751e8b465ee728b)
Start importing Assets/VR/Prefabs/Bullets/Finalised/Wave2.prefab using Guid(147f29185be3f5145bd5ac13972e9efa) Importer(815301076,1909f56bfc062723c751e8b465ee728b)  -> (artifact id: 'cce0f1686c31ec07a60a495cf71a7cd8') in 0.008857 seconds
  Import took 0.012712 seconds .

========================================================================
Received Import Request.
  Time since last request: 188.528494 seconds.
  path: Assets/VR/Prefabs/Bullets/Finalised/Wave2.prefab
  artifactKey: Guid(147f29185be3f5145bd5ac13972e9efa) Importer(815301076,1909f56bfc062723c751e8b465ee728b)
Start importing Assets/VR/Prefabs/Bullets/Finalised/Wave2.prefab using Guid(147f29185be3f5145bd5ac13972e9efa) Importer(815301076,1909f56bfc062723c751e8b465ee728b)  -> (artifact id: '3de35854c26006bbbbe1982b3d5911ee') in 0.005076 seconds
  Import took 0.008718 seconds .

========================================================================
Received Import Request.
  Time since last request: 1.006859 seconds.
  path: Assets/VR/Prefabs/Bullets/Finalised/Wave2.prefab
  artifactKey: Guid(147f29185be3f5145bd5ac13972e9efa) Importer(815301076,1909f56bfc062723c751e8b465ee728b)
Start importing Assets/VR/Prefabs/Bullets/Finalised/Wave2.prefab using Guid(147f29185be3f5145bd5ac13972e9efa) Importer(815301076,1909f56bfc062723c751e8b465ee728b)  -> (artifact id: '973f46ade7c161314fa7bd3b39ca812e') in 0.005472 seconds
  Import took 0.009035 seconds .

========================================================================
Received Import Request.
  Time since last request: 849.603554 seconds.
  path: Assets/VR/Prefabs/Bullets/Finalised/BasicBulletDelivery 1.prefab
  artifactKey: Guid(ebc2a25d5cf7f644698355e90d0eb4fc) Importer(815301076,1909f56bfc062723c751e8b465ee728b)
Start importing Assets/VR/Prefabs/Bullets/Finalised/BasicBulletDelivery 1.prefab using Guid(ebc2a25d5cf7f644698355e90d0eb4fc) Importer(815301076,1909f56bfc062723c751e8b465ee728b)  -> (artifact id: '663c3f83b5d989bd94aba50440cf68f4') in 0.005567 seconds
  Import took 0.009407 seconds .

========================================================================
Received Import Request.
  Time since last request: 6.430983 seconds.
  path: Assets/VR/Prefabs/Bullets/Finalised/Wave3.prefab
  artifactKey: Guid(ebc2a25d5cf7f644698355e90d0eb4fc) Importer(815301076,1909f56bfc062723c751e8b465ee728b)
Start importing Assets/VR/Prefabs/Bullets/Finalised/Wave3.prefab using Guid(ebc2a25d5cf7f644698355e90d0eb4fc) Importer(815301076,1909f56bfc062723c751e8b465ee728b)  -> (artifact id: 'ed81c4fc4f3bcfc6d103a89412ac8a7d') in 0.009979 seconds
  Import took 0.013973 seconds .

========================================================================
Received Import Request.
  Time since last request: 6.711341 seconds.
  path: Assets/VR/Scenes/ShooterPC.unity
  artifactKey: Guid(9371fb09f1ba6fa4bb6b54e9661308ef) Importer(815301076,1909f56bfc062723c751e8b465ee728b)
Start importing Assets/VR/Scenes/ShooterPC.unity using Guid(9371fb09f1ba6fa4bb6b54e9661308ef) Importer(815301076,1909f56bfc062723c751e8b465ee728b)  -> (artifact id: 'fc55b5563902fabcc2fd02630b46c94f') in 0.003394 seconds
  Import took 0.007472 seconds .

========================================================================
Received Import Request.
  Time since last request: 5.973444 seconds.
  path: Assets/VR/Prefabs/CameraRig.prefab
  artifactKey: Guid(80745b200f2046b4297a269049ac08ac) Importer(815301076,1909f56bfc062723c751e8b465ee728b)
Start importing Assets/VR/Prefabs/CameraRig.prefab using Guid(80745b200f2046b4297a269049ac08ac) Importer(815301076,1909f56bfc062723c751e8b465ee728b)  -> (artifact id: 'e24b115beab75de1417dc7d5b54c23f3') in 0.172544 seconds
  Import took 0.177079 seconds .

========================================================================
Received Prepare
Registering precompiled user dll's ...
Registered in 0.002795 seconds.
Begin MonoManager ReloadAssembly
Native extension for WindowsStandalone target not found
Refreshing native plugins compatible for Editor in 0.60 ms, found 3 plugins.
Preloading 0 native plugins for Editor in 0.00 ms.
Warning: Annotation not found!
UnityEngine.StackTraceUtility:ExtractStackTrace ()
UnityEditor.ProBuilder.EditorUtility:SetGizmoIconEnabled (System.Type,bool) (at Library/PackageCache/com.unity.probuilder@4.4.0/Editor/EditorCore/EditorUtility.cs:593)
UnityEditor.ProBuilder.HierarchyListener:.cctor () (at Library/PackageCache/com.unity.probuilder@4.4.0/Editor/EditorCore/HierarchyListener.cs:21)
System.Runtime.CompilerServices.RuntimeHelpers:RunClassConstructor (System.RuntimeTypeHandle)
UnityEditor.EditorAssemblies:ProcessInitializeOnLoadAttributes (System.Type[])

[Library/PackageCache/com.unity.probuilder@4.4.0/Editor/EditorCore/EditorUtility.cs line 593]

Invoked RoslynAnalysisRunner static constructor.
RoslynAnalysisRunner will not be running.
RoslynAnalysisRunner has terminated.
Mono: successfully reloaded assembly
- Completed reload, in  0.872 seconds
Platform modules already initialized, skipping
Refreshing native plugins compatible for Editor in 0.64 ms, found 3 plugins.
Preloading 0 native plugins for Editor in 0.00 ms.
Unloading 2219 Unused Serialized files (Serialized files now loaded: 0)
System memory in use before: 125.4 MB.
System memory in use after: 125.6 MB.

Unloading 8 unused Assets to reduce memory usage. Loaded Objects now: 2836.
Total: 2.622800 ms (FindLiveObjects: 0.307800 ms CreateObjectMapping: 0.060400 ms MarkObjects: 2.188800 ms  DeleteObjects: 0.064600 ms)

========================================================================
Received Prepare
Registering precompiled user dll's ...
Registered in 0.002888 seconds.
Begin MonoManager ReloadAssembly
Native extension for WindowsStandalone target not found
Refreshing native plugins compatible for Editor in 0.58 ms, found 3 plugins.
Preloading 0 native plugins for Editor in 0.00 ms.
Warning: Annotation not found!
UnityEngine.StackTraceUtility:ExtractStackTrace ()
UnityEditor.ProBuilder.EditorUtility:SetGizmoIconEnabled (System.Type,bool) (at Library/PackageCache/com.unity.probuilder@4.4.0/Editor/EditorCore/EditorUtility.cs:593)
UnityEditor.ProBuilder.HierarchyListener:.cctor () (at Library/PackageCache/com.unity.probuilder@4.4.0/Editor/EditorCore/HierarchyListener.cs:21)
System.Runtime.CompilerServices.RuntimeHelpers:RunClassConstructor (System.RuntimeTypeHandle)
UnityEditor.EditorAssemblies:ProcessInitializeOnLoadAttributes (System.Type[])

[Library/PackageCache/com.unity.probuilder@4.4.0/Editor/EditorCore/EditorUtility.cs line 593]

Invoked RoslynAnalysisRunner static constructor.
RoslynAnalysisRunner will not be running.
RoslynAnalysisRunner has terminated.
Mono: successfully reloaded assembly
- Completed reload, in  0.885 seconds
Platform modules already initialized, skipping
Refreshing native plugins compatible for Editor in 0.54 ms, found 3 plugins.
Preloading 0 native plugins for Editor in 0.00 ms.
Unloading 2219 Unused Serialized files (Serialized files now loaded: 0)
System memory in use before: 125.4 MB.
System memory in use after: 125.5 MB.

Unloading 8 unused Assets to reduce memory usage. Loaded Objects now: 2839.
Total: 3.664200 ms (FindLiveObjects: 0.298600 ms CreateObjectMapping: 0.070700 ms MarkObjects: 3.218500 ms  DeleteObjects: 0.074700 ms)

AssetImportWorkerClient::OnTransportError - code=2 error=End of file
